<?xml version="1.0" encoding="UTF-8"?>
<!-- Generated by org.testng.reporters.JUnitReportReporter -->
<testsuite skipped="0" hostname="Smit" name="MavenFramework.DeleteRequest" tests="1" failures="0" timestamp="25 Mar 2018 16:03:45 GMT" time="1.147" errors="0">
  <testcase name="deleteEmployee" time="1.147" classname="MavenFramework.DeleteRequest"/>
</testsuite> <!-- MavenFramework.DeleteRequest -->
