<?xml version="1.0" encoding="UTF-8"?>
<!-- Generated by org.testng.reporters.JUnitReportReporter -->
<testsuite skipped="0" hostname="Smit" name="MavenFramework.PutRequest" tests="1" failures="0" timestamp="14 Mar 2018 10:16:33 GMT" time="3.866" errors="0">
  <testcase name="postEmployee" time="3.866" classname="MavenFramework.PutRequest"/>
</testsuite> <!-- MavenFramework.PutRequest -->
