<?xml version="1.0" encoding="UTF-8"?>
<!-- Generated by org.testng.reporters.JUnitReportReporter -->
<testsuite skipped="0" hostname="Smit" name="MavenFramework.GetRequest" tests="1" failures="0" timestamp="29 Mar 2018 03:54:13 GMT" time="4.526" errors="0">
  <testcase name="getEmployees" time="4.526" classname="MavenFramework.GetRequest"/>
</testsuite> <!-- MavenFramework.GetRequest -->
