<?xml version="1.0" encoding="UTF-8"?>
<!-- Generated by org.testng.reporters.JUnitReportReporter -->
<testsuite skipped="0" hostname="Smit" name="MavenFramework.GetRequestOne" tests="1" failures="0" timestamp="14 Mar 2018 10:16:33 GMT" time="0.869" errors="0">
  <testcase name="oneEmployee" time="0.869" classname="MavenFramework.GetRequestOne"/>
</testsuite> <!-- MavenFramework.GetRequestOne -->
