<?xml version="1.0" encoding="UTF-8"?>
<!-- Generated by org.testng.reporters.JUnitReportReporter -->
<testsuite skipped="0" hostname="Smit" name="MavenFramework.PutRequest" tests="1" failures="0" timestamp="25 Mar 2018 16:03:45 GMT" time="2.014" errors="0">
  <testcase name="postEmployee" time="2.014" classname="MavenFramework.PutRequest"/>
</testsuite> <!-- MavenFramework.PutRequest -->
